<?xml version="1.0" encoding="UTF-8"?>
<!-- Generated by org.testng.reporters.JUnitXMLReporter -->
<testsuite hostname="342-MC-QC7VFCQY6F" failures="0" tests="3" name="Petstore Automation suite" time="5.418" errors="0" timestamp="2 Mar 2023 07:04:58 GMT">
  <testcase classname="com.petstore.tests.CreateUserTests" name="createUser" time="2.194"/>
  <testcase classname="com.petstore.tests.GetUserTests" name="getUser" time="1.438"/>
  <testcase classname="com.petstore.tests.DeleteUserTests" name="deleteUser" time="1.604"/>
</testsuite> <!-- Petstore Automation suite -->
