<?xml version="1.0" encoding="UTF-8"?>
<!-- Generated by org.testng.reporters.JUnitXMLReporter -->
<testsuite hostname="342-MC-QC7VFCQY6F" failures="0" tests="3" name="Sauce Labs Automation suite" time="38.709" errors="0" timestamp="2 Mar 2023 07:31:25 GMT">
  <testcase classname="com.saucelabs.tests.LoginTest" name="loginWithLockedUser" time="5.508"/>
  <testcase classname="com.saucelabs.tests.LoginTest" name="loginWithValidUser" time="6.326"/>
  <testcase classname="com.saucelabs.tests.OrderTest" name="createOrderWithMultipleProducts" time="5.4"/>
</testsuite> <!-- Sauce Labs Automation suite -->
